<?xml version="1.0" encoding="UTF-8"?>
<!-- Generated by org.testng.reporters.JUnitReportReporter -->
<testsuite skipped="0" hostname="DESKTOP-8C9BNMT" name="com.invest.scripts.scripts" tests="1" failures="0" timestamp="28 Sep 2018 03:28:48 GMT" time="7023.420" errors="0">
  <testcase name="reportingChanges" time="7023.420" classname="com.invest.scripts.scripts"/>
</testsuite> <!-- com.invest.scripts.scripts -->
